<?xml version="1.0" encoding="UTF-8"?>
<testsuite name="bg.stoyank.footballtix.FootballServiceTests" tests="3" skipped="0" failures="0" errors="0" timestamp="2021-09-17T19:34:23" hostname="zenbook" time="0.758">
  <properties/>
  <testcase name="testAddFootballMatch()" classname="bg.stoyank.footballtix.FootballServiceTests" time="0.512"/>
  <testcase name="testDeleteFootballMatch()" classname="bg.stoyank.footballtix.FootballServiceTests" time="0.064"/>
  <testcase name="testGetAllFootballMatches()" classname="bg.stoyank.footballtix.FootballServiceTests" time="0.18"/>
  <system-out><![CDATA[21:34:17.308 [Test worker] DEBUG org.springframework.test.context.BootstrapUtils - Instantiating CacheAwareContextLoaderDelegate from class [org.springframework.test.context.cache.DefaultCacheAwareContextLoaderDelegate]
21:34:17.328 [Test worker] DEBUG org.springframework.test.context.BootstrapUtils - Instantiating BootstrapContext using constructor [public org.springframework.test.context.support.DefaultBootstrapContext(java.lang.Class,org.springframework.test.context.CacheAwareContextLoaderDelegate)]
21:34:17.380 [Test worker] DEBUG org.springframework.test.context.BootstrapUtils - Instantiating TestContextBootstrapper for test class [bg.stoyank.footballtix.FootballServiceTests] from class [org.springframework.boot.test.context.SpringBootTestContextBootstrapper]
21:34:17.395 [Test worker] INFO org.springframework.boot.test.context.SpringBootTestContextBootstrapper - Neither @ContextConfiguration nor @ContextHierarchy found for test class [bg.stoyank.footballtix.FootballServiceTests], using SpringBootContextLoader
21:34:17.401 [Test worker] DEBUG org.springframework.test.context.support.AbstractContextLoader - Did not detect default resource location for test class [bg.stoyank.footballtix.FootballServiceTests]: class path resource [bg/stoyank/footballtix/FootballServiceTests-context.xml] does not exist
21:34:17.402 [Test worker] DEBUG org.springframework.test.context.support.AbstractContextLoader - Did not detect default resource location for test class [bg.stoyank.footballtix.FootballServiceTests]: class path resource [bg/stoyank/footballtix/FootballServiceTestsContext.groovy] does not exist
21:34:17.402 [Test worker] INFO org.springframework.test.context.support.AbstractContextLoader - Could not detect default resource locations for test class [bg.stoyank.footballtix.FootballServiceTests]: no resource found for suffixes {-context.xml, Context.groovy}.
21:34:17.404 [Test worker] INFO org.springframework.test.context.support.AnnotationConfigContextLoaderUtils - Could not detect default configuration classes for test class [bg.stoyank.footballtix.FootballServiceTests]: FootballServiceTests does not declare any static, non-private, non-final, nested classes annotated with @Configuration.
21:34:17.463 [Test worker] DEBUG org.springframework.test.context.support.ActiveProfilesUtils - Could not find an 'annotation declaring class' for annotation type [org.springframework.test.context.ActiveProfiles] and class [bg.stoyank.footballtix.FootballServiceTests]
21:34:17.650 [Test worker] DEBUG org.springframework.context.annotation.ClassPathScanningCandidateComponentProvider - Identified candidate component class: file [/media/stoyank/Elements/University/Semester 3/footballtix/build/classes/java/main/bg/stoyank/footballtix/FootballtixApplication.class]
21:34:17.651 [Test worker] INFO org.springframework.boot.test.context.SpringBootTestContextBootstrapper - Found @SpringBootConfiguration bg.stoyank.footballtix.FootballtixApplication for test class bg.stoyank.footballtix.FootballServiceTests
21:34:17.769 [Test worker] DEBUG org.springframework.boot.test.context.SpringBootTestContextBootstrapper - @TestExecutionListeners is not present for class [bg.stoyank.footballtix.FootballServiceTests]: using defaults.
21:34:17.770 [Test worker] INFO org.springframework.boot.test.context.SpringBootTestContextBootstrapper - Loaded default TestExecutionListener class names from location [META-INF/spring.factories]: [org.springframework.security.test.context.support.WithSecurityContextTestExecutionListener, org.springframework.security.test.context.support.ReactorContextTestExecutionListener, org.springframework.boot.test.autoconfigure.restdocs.RestDocsTestExecutionListener, org.springframework.boot.test.autoconfigure.web.client.MockRestServiceServerResetTestExecutionListener, org.springframework.boot.test.autoconfigure.web.servlet.MockMvcPrintOnlyOnFailureTestExecutionListener, org.springframework.boot.test.autoconfigure.web.servlet.WebDriverTestExecutionListener, org.springframework.boot.test.autoconfigure.webservices.client.MockWebServiceServerTestExecutionListener, org.springframework.boot.test.mock.mockito.MockitoTestExecutionListener, org.springframework.boot.test.mock.mockito.ResetMocksTestExecutionListener, org.springframework.test.context.web.ServletTestExecutionListener, org.springframework.test.context.support.DirtiesContextBeforeModesTestExecutionListener, org.springframework.test.context.event.ApplicationEventsTestExecutionListener, org.springframework.test.context.support.DependencyInjectionTestExecutionListener, org.springframework.test.context.support.DirtiesContextTestExecutionListener, org.springframework.test.context.transaction.TransactionalTestExecutionListener, org.springframework.test.context.jdbc.SqlScriptsTestExecutionListener, org.springframework.test.context.event.EventPublishingTestExecutionListener]
21:34:17.797 [Test worker] INFO org.springframework.boot.test.context.SpringBootTestContextBootstrapper - Using TestExecutionListeners: [org.springframework.test.context.web.ServletTestExecutionListener@62878323, org.springframework.test.context.support.DirtiesContextBeforeModesTestExecutionListener@5468a4a0, org.springframework.test.context.event.ApplicationEventsTestExecutionListener@4de2de5, org.springframework.boot.test.mock.mockito.MockitoTestExecutionListener@29dbb14f, org.springframework.boot.test.autoconfigure.SpringBootDependencyInjectionTestExecutionListener@779ba1cc, org.springframework.test.context.support.DirtiesContextTestExecutionListener@66c7463b, org.springframework.test.context.transaction.TransactionalTestExecutionListener@1303fe03, org.springframework.test.context.jdbc.SqlScriptsTestExecutionListener@672664e5, org.springframework.security.test.context.support.WithSecurityContextTestExecutionListener@4d193c0c, org.springframework.test.context.event.EventPublishingTestExecutionListener@11b34d0a, org.springframework.security.test.context.support.ReactorContextTestExecutionListener@1d4c4ad9, org.springframework.boot.test.autoconfigure.restdocs.RestDocsTestExecutionListener@491914d9, org.springframework.boot.test.autoconfigure.web.client.MockRestServiceServerResetTestExecutionListener@4de4a8aa, org.springframework.boot.test.autoconfigure.web.servlet.MockMvcPrintOnlyOnFailureTestExecutionListener@46347701, org.springframework.boot.test.autoconfigure.web.servlet.WebDriverTestExecutionListener@39d1f79c, org.springframework.boot.test.autoconfigure.webservices.client.MockWebServiceServerTestExecutionListener@386f93a3, org.springframework.boot.test.mock.mockito.ResetMocksTestExecutionListener@5026cdfc]
21:34:17.802 [Test worker] DEBUG org.springframework.test.context.support.AbstractDirtiesContextTestExecutionListener - Before test class: context [DefaultTestContext@2ff1d4ab testClass = FootballServiceTests, testInstance = [null], testMethod = [null], testException = [null], mergedContextConfiguration = [WebMergedContextConfiguration@578ea164 testClass = FootballServiceTests, locations = '{}', classes = '{class bg.stoyank.footballtix.FootballtixApplication}', contextInitializerClasses = '[]', activeProfiles = '{}', propertySourceLocations = '{}', propertySourceProperties = '{org.springframework.boot.test.context.SpringBootTestContextBootstrapper=true}', contextCustomizers = set[org.springframework.boot.test.autoconfigure.actuate.metrics.MetricsExportContextCustomizerFactory$DisableMetricExportContextCustomizer@1898fa88, org.springframework.boot.test.autoconfigure.properties.PropertyMappingContextCustomizer@0, org.springframework.boot.test.autoconfigure.web.servlet.WebDriverContextCustomizerFactory$Customizer@5209bd4a, org.springframework.boot.test.context.filter.ExcludeFilterContextCustomizer@4e104c7d, org.springframework.boot.test.json.DuplicateJsonObjectContextCustomizerFactory$DuplicateJsonObjectContextCustomizer@71527b93, org.springframework.boot.test.mock.mockito.MockitoContextCustomizer@0, org.springframework.boot.test.web.client.TestRestTemplateContextCustomizer@74cdf506, org.springframework.boot.test.context.SpringBootTestArgs@1, org.springframework.boot.test.context.SpringBootTestWebEnvironment@14015d14], resourceBasePath = 'src/main/webapp', contextLoader = 'org.springframework.boot.test.context.SpringBootContextLoader', parent = [null]], attributes = map['org.springframework.test.context.web.ServletTestExecutionListener.activateListener' -> true]], class annotated with @DirtiesContext [false] with mode [null].
21:34:17.842 [Test worker] DEBUG org.springframework.test.context.support.TestPropertySourceUtils - Adding inlined properties to environment: {spring.jmx.enabled=false, org.springframework.boot.test.context.SpringBootTestContextBootstrapper=true}

  .   ____          _            __ _ _
 /\\ / ___'_ __ _ _(_)_ __  __ _ \ \ \ \
( ( )\___ | '_ | '_| | '_ \/ _` | \ \ \ \
 \\/  ___)| |_)| | | | | || (_| |  ) ) ) )
  '  |____| .__|_| |_|_| |_\__, | / / / /
 =========|_|==============|___/=/_/_/_/
 :: Spring Boot ::                (v2.5.4)

2021-09-17 21:34:18.162  INFO 9153 --- [    Test worker] b.s.footballtix.FootballServiceTests     : Starting FootballServiceTests using Java 11.0.11 on zenbook with PID 9153 (started by stoyank in /media/stoyank/Elements/University/Semester 3/footballtix)
2021-09-17 21:34:18.165  INFO 9153 --- [    Test worker] b.s.footballtix.FootballServiceTests     : No active profile set, falling back to default profiles: default
2021-09-17 21:34:19.124  INFO 9153 --- [    Test worker] .s.d.r.c.RepositoryConfigurationDelegate : Bootstrapping Spring Data JPA repositories in DEFAULT mode.
2021-09-17 21:34:19.204  INFO 9153 --- [    Test worker] .s.d.r.c.RepositoryConfigurationDelegate : Finished Spring Data repository scanning in 69 ms. Found 2 JPA repository interfaces.
2021-09-17 21:34:19.864  INFO 9153 --- [    Test worker] o.hibernate.jpa.internal.util.LogHelper  : HHH000204: Processing PersistenceUnitInfo [name: default]
2021-09-17 21:34:19.947  INFO 9153 --- [    Test worker] org.hibernate.Version                    : HHH000412: Hibernate ORM core version 5.4.32.Final
2021-09-17 21:34:20.171  INFO 9153 --- [    Test worker] o.hibernate.annotations.common.Version   : HCANN000001: Hibernate Commons Annotations {5.1.2.Final}
2021-09-17 21:34:20.354  INFO 9153 --- [    Test worker] com.zaxxer.hikari.HikariDataSource       : HikariPool-1 - Starting...
2021-09-17 21:34:20.726  INFO 9153 --- [    Test worker] com.zaxxer.hikari.HikariDataSource       : HikariPool-1 - Start completed.
2021-09-17 21:34:20.771  INFO 9153 --- [    Test worker] org.hibernate.dialect.Dialect            : HHH000400: Using dialect: org.hibernate.dialect.MySQL8Dialect
Hibernate: drop table if exists football_match
Hibernate: drop table if exists hibernate_sequence
Hibernate: drop table if exists user
Hibernate: create table football_match (id integer not null, away_team varchar(255), home_team varchar(255), league varchar(255), location varchar(255), stadium varchar(255), starting_date_time datetime(6), primary key (id)) engine=InnoDB
Hibernate: create table hibernate_sequence (next_val bigint) engine=InnoDB
Hibernate: insert into hibernate_sequence values ( 1 )
Hibernate: create table user (id integer not null, email varchar(255), full_name varchar(255), password varchar(255), role integer, primary key (id)) engine=InnoDB
2021-09-17 21:34:21.905  INFO 9153 --- [    Test worker] o.h.e.t.j.p.i.JtaPlatformInitiator       : HHH000490: Using JtaPlatform implementation: [org.hibernate.engine.transaction.jta.platform.internal.NoJtaPlatform]
2021-09-17 21:34:21.917  INFO 9153 --- [    Test worker] j.LocalContainerEntityManagerFactoryBean : Initialized JPA EntityManagerFactory for persistence unit 'default'
2021-09-17 21:34:22.573  WARN 9153 --- [    Test worker] JpaBaseConfiguration$JpaWebConfiguration : spring.jpa.open-in-view is enabled by default. Therefore, database queries may be performed during view rendering. Explicitly configure spring.jpa.open-in-view to disable this warning
2021-09-17 21:34:23.268  INFO 9153 --- [    Test worker] b.s.footballtix.FootballServiceTests     : Started FootballServiceTests in 5.416 seconds (JVM running for 6.678)
Hibernate: select next_val as id_val from hibernate_sequence for update
Hibernate: update hibernate_sequence set next_val= ? where next_val=?
Hibernate: insert into football_match (away_team, home_team, league, location, stadium, starting_date_time, id) values (?, ?, ?, ?, ?, ?, ?)
Hibernate: select footballma0_.id as id1_0_, footballma0_.away_team as away_tea2_0_, footballma0_.home_team as home_tea3_0_, footballma0_.league as league4_0_, footballma0_.location as location5_0_, footballma0_.stadium as stadium6_0_, footballma0_.starting_date_time as starting7_0_ from football_match footballma0_
Hibernate: select footballma0_.id as id1_0_0_, footballma0_.away_team as away_tea2_0_0_, footballma0_.home_team as home_tea3_0_0_, footballma0_.league as league4_0_0_, footballma0_.location as location5_0_0_, footballma0_.stadium as stadium6_0_0_, footballma0_.starting_date_time as starting7_0_0_ from football_match footballma0_ where footballma0_.id=?
Hibernate: delete from football_match where id=?
Hibernate: select footballma0_.id as id1_0_, footballma0_.away_team as away_tea2_0_, footballma0_.home_team as home_tea3_0_, footballma0_.league as league4_0_, footballma0_.location as location5_0_, footballma0_.stadium as stadium6_0_, footballma0_.starting_date_time as starting7_0_ from football_match footballma0_
Hibernate: select next_val as id_val from hibernate_sequence for update
Hibernate: update hibernate_sequence set next_val= ? where next_val=?
Hibernate: insert into football_match (away_team, home_team, league, location, stadium, starting_date_time, id) values (?, ?, ?, ?, ?, ?, ?)
Hibernate: select next_val as id_val from hibernate_sequence for update
Hibernate: update hibernate_sequence set next_val= ? where next_val=?
Hibernate: insert into football_match (away_team, home_team, league, location, stadium, starting_date_time, id) values (?, ?, ?, ?, ?, ?, ?)
Hibernate: select next_val as id_val from hibernate_sequence for update
Hibernate: update hibernate_sequence set next_val= ? where next_val=?
Hibernate: insert into football_match (away_team, home_team, league, location, stadium, starting_date_time, id) values (?, ?, ?, ?, ?, ?, ?)
Hibernate: select next_val as id_val from hibernate_sequence for update
Hibernate: update hibernate_sequence set next_val= ? where next_val=?
Hibernate: insert into football_match (away_team, home_team, league, location, stadium, starting_date_time, id) values (?, ?, ?, ?, ?, ?, ?)
Hibernate: select footballma0_.id as id1_0_, footballma0_.away_team as away_tea2_0_, footballma0_.home_team as home_tea3_0_, footballma0_.league as league4_0_, footballma0_.location as location5_0_, footballma0_.stadium as stadium6_0_, footballma0_.starting_date_time as starting7_0_ from football_match footballma0_
]]></system-out>
  <system-err><![CDATA[]]></system-err>
</testsuite>
